<?xml version="1.0" encoding="UTF-8"?>
<!-- Generated by org.testng.reporters.JUnitXMLReporter -->
<testsuite ignored="0" hostname="DESKTOP-O2VAEQR" failures="0" tests="3" name="Error Validations Test" time="99.791" errors="0" timestamp="2024-09-04T12:53:12 IST">
  <testcase classname="frameworkdesign.ErrorValidationsTest" name="LoginErrorValidation" time="14.709">
    <skipped/>
  </testcase> <!-- LoginErrorValidation -->
  <testcase classname="frameworkdesign.ErrorValidationsTest" name="LoginErrorValidation" time="1.165"/>
  <testcase classname="frameworkdesign.ErrorValidationsTest" name="ProductErrorValidation" time="15.6"/>
</testsuite> <!-- Error Validations Test -->
