<?xml version="1.0" encoding="UTF-8"?>
<!-- Generated by org.testng.reporters.JUnitXMLReporter -->
<testsuite ignored="1" hostname="DESKTOP-O2VAEQR" failures="2" tests="2" name="Standalone" time="0.639" errors="0" timestamp="2024-09-04T10:55:49 IST">
  <testcase classname="pageobjects.StandaloneTest" name="submitordertest" time="0.01">
    <failure type="java.lang.NullPointerException" message="Cannot invoke &amp;quot;pageobjects.Landingpage.loginApplication(String, String)&amp;quot; because &amp;quot;this.loginp&amp;quot; is null">
      <![CDATA[java.lang.NullPointerException: Cannot invoke "pageobjects.Landingpage.loginApplication(String, String)" because "this.loginp" is null
at pageobjects.StandaloneTest.submitordertest(StandaloneTest.java:26)
at java.base/java.util.ArrayList.forEach(ArrayList.java:1511)
at java.base/java.util.concurrent.FutureTask.run(FutureTask.java:264)
at java.base/java.util.concurrent.ThreadPoolExecutor.runWorker(ThreadPoolExecutor.java:1130)
at java.base/java.util.concurrent.ThreadPoolExecutor$Worker.run(ThreadPoolExecutor.java:630)
at java.base/java.lang.Thread.run(Thread.java:831)
... Removed 17 stack frames]]>
    </failure>
  </testcase> <!-- submitordertest -->
  <testcase classname="pageobjects.StandaloneTest" name="submitordertest" time="0.003">
    <failure type="java.lang.NullPointerException" message="Cannot invoke &amp;quot;pageobjects.Landingpage.loginApplication(String, String)&amp;quot; because &amp;quot;this.loginp&amp;quot; is null">
      <![CDATA[java.lang.NullPointerException: Cannot invoke "pageobjects.Landingpage.loginApplication(String, String)" because "this.loginp" is null
at pageobjects.StandaloneTest.submitordertest(StandaloneTest.java:26)
at java.base/java.util.ArrayList.forEach(ArrayList.java:1511)
at java.base/java.util.concurrent.FutureTask.run(FutureTask.java:264)
at java.base/java.util.concurrent.ThreadPoolExecutor.runWorker(ThreadPoolExecutor.java:1130)
at java.base/java.util.concurrent.ThreadPoolExecutor$Worker.run(ThreadPoolExecutor.java:630)
at java.base/java.lang.Thread.run(Thread.java:831)
... Removed 17 stack frames]]>
    </failure>
  </testcase> <!-- submitordertest -->
  <testcase classname="pageobjects.StandaloneTest" name="OrderHistoryTest" time="0.0">
    <ignored/>
  </testcase> <!-- OrderHistoryTest -->
</testsuite> <!-- Standalone -->
