<?xml version="1.0" encoding="UTF-8"?>
<!-- Generated by org.testng.reporters.JUnitXMLReporter -->
<testsuite ignored="0" hostname="DESKTOP-O2VAEQR" failures="0" tests="3" name="Test" time="0.188" errors="0" timestamp="2024-09-02T10:24:52 IST">
  <testcase classname="testng.testmethod" name="name" time="0.02"/>
  <testcase classname="streams.LamdaEXpressions.StreamEx" name="regular" time="0.003"/>
  <testcase classname="streams.LamdaEXpressions.StreamEx" name="streamfilter" time="0.011"/>
</testsuite> <!-- Test -->
